TN:
SF:src/App.tsx
FN:1,(empty-report)
FNF:1
FNH:0
FNDA:0,(empty-report)
DA:1,0
DA:2,0
DA:3,0
DA:4,0
DA:5,0
DA:6,0
DA:7,0
DA:10,0
DA:11,0
DA:13,0
DA:14,0
DA:15,0
DA:17,0
DA:18,0
DA:19,0
DA:20,0
DA:21,0
DA:22,0
DA:23,0
DA:24,0
DA:25,0
DA:26,0
DA:28,0
DA:30,0
LF:24
LH:0
BRDA:1,0,0,0
BRF:1
BRH:0
end_of_record
TN:
SF:src/main.tsx
FN:1,(empty-report)
FNF:1
FNH:0
FNDA:0,(empty-report)
DA:1,0
DA:2,0
DA:3,0
DA:4,0
DA:6,0
DA:7,0
DA:8,0
DA:9,0
DA:10,0
LF:9
LH:0
BRDA:1,0,0,0
BRF:1
BRH:0
end_of_record
TN:
SF:src/components/AddPlayerModal.tsx
FN:1,(empty-report)
FNF:1
FNH:0
FNDA:0,(empty-report)
DA:1,0
DA:2,0
DA:3,0
DA:4,0
DA:11,0
DA:12,0
DA:13,0
DA:14,0
DA:15,0
DA:17,0
DA:20,0
DA:21,0
DA:22,0
DA:23,0
DA:24,0
DA:25,0
DA:27,0
DA:28,0
DA:29,0
DA:30,0
DA:31,0
DA:32,0
DA:33,0
DA:34,0
DA:35,0
DA:36,0
DA:37,0
DA:38,0
DA:39,0
DA:40,0
DA:42,0
DA:43,0
DA:44,0
DA:45,0
DA:46,0
DA:48,0
DA:49,0
DA:50,0
DA:52,0
DA:53,0
DA:54,0
DA:55,0
DA:56,0
DA:58,0
DA:59,0
DA:60,0
DA:61,0
DA:62,0
DA:63,0
DA:64,0
DA:65,0
DA:66,0
DA:67,0
DA:68,0
DA:69,0
DA:70,0
DA:71,0
DA:72,0
DA:73,0
DA:74,0
DA:75,0
DA:76,0
DA:78,0
DA:80,0
DA:81,0
DA:82,0
DA:83,0
DA:84,0
DA:85,0
DA:86,0
DA:87,0
DA:88,0
DA:89,0
DA:91,0
DA:92,0
DA:93,0
DA:94,0
DA:95,0
DA:97,0
DA:98,0
DA:100,0
DA:101,0
DA:103,0
DA:104,0
DA:105,0
DA:106,0
DA:108,0
DA:110,0
LF:88
LH:0
BRDA:1,0,0,0
BRF:1
BRH:0
end_of_record
TN:
SF:src/components/AppVersion.tsx
FN:1,(empty-report)
FNF:1
FNH:0
FNDA:0,(empty-report)
DA:1,0
DA:8,0
DA:9,0
DA:10,0
DA:11,0
DA:12,0
DA:13,0
DA:15,0
DA:17,0
LF:9
LH:0
BRDA:1,0,0,0
BRF:1
BRH:0
end_of_record
TN:
SF:src/components/GameFinished.tsx
FN:1,(empty-report)
FNF:1
FNH:0
FNDA:0,(empty-report)
DA:1,0
DA:2,0
DA:4,0
DA:5,0
DA:7,0
DA:9,0
DA:10,0
DA:11,0
DA:12,0
DA:13,0
DA:14,0
DA:15,0
DA:16,0
DA:17,0
DA:18,0
DA:19,0
DA:20,0
DA:21,0
DA:22,0
DA:23,0
DA:24,0
DA:26,0
DA:27,0
DA:28,0
DA:29,0
DA:31,0
DA:33,0
DA:34,0
DA:35,0
DA:36,0
DA:37,0
DA:38,0
DA:40,0
DA:41,0
DA:42,0
DA:43,0
DA:45,0
DA:46,0
DA:47,0
DA:48,0
DA:49,0
DA:50,0
DA:51,0
DA:52,0
DA:54,0
DA:56,0
DA:57,0
DA:59,0
DA:60,0
DA:61,0
DA:63,0
DA:64,0
DA:65,0
DA:66,0
DA:67,0
DA:68,0
DA:69,0
DA:71,0
DA:72,0
DA:73,0
DA:74,0
DA:75,0
DA:76,0
DA:77,0
DA:78,0
DA:79,0
DA:81,0
DA:82,0
DA:84,0
DA:85,0
DA:86,0
DA:88,0
DA:90,0
LF:73
LH:0
BRDA:1,0,0,0
BRF:1
BRH:0
end_of_record
TN:
SF:src/components/HangmanCanvas.tsx
FN:7,HangmanCanvas
FNF:1
FNH:1
FNDA:9,HangmanCanvas
DA:1,1
DA:7,1
DA:8,9
DA:10,9
DA:11,8
DA:12,8
DA:14,8
DA:15,8
DA:18,8
DA:21,8
DA:22,8
DA:24,8
DA:26,5
DA:27,5
DA:28,5
DA:29,5
DA:30,5
DA:32,8
DA:34,3
DA:35,3
DA:36,3
DA:37,3
DA:38,3
DA:40,8
DA:42,3
DA:43,3
DA:44,3
DA:45,3
DA:46,3
DA:48,8
DA:50,3
DA:51,3
DA:52,3
DA:53,3
DA:54,3
DA:56,8
DA:58,3
DA:59,3
DA:60,3
DA:61,3
DA:62,3
DA:64,8
DA:66,3
DA:67,3
DA:68,3
DA:69,3
DA:71,8
DA:73,3
DA:74,3
DA:75,3
DA:76,3
DA:77,3
DA:79,8
DA:81,3
DA:82,3
DA:83,3
DA:84,3
DA:85,3
DA:87,8
DA:89,3
DA:90,3
DA:91,3
DA:92,3
DA:93,3
DA:95,8
DA:97,3
DA:98,3
DA:99,3
DA:100,3
DA:101,3
DA:103,8
DA:105,2
DA:106,2
DA:107,2
DA:108,2
DA:109,2
DA:110,9
DA:112,9
DA:113,9
DA:114,9
DA:115,9
DA:116,9
DA:117,9
DA:118,9
DA:119,9
DA:121,9
DA:123,1
LF:87
LH:87
BRDA:7,0,0,9
BRDA:10,1,0,8
BRDA:12,2,0,0
BRDA:15,3,0,0
BRDA:24,4,0,5
BRDA:32,5,0,3
BRDA:40,6,0,3
BRDA:48,7,0,3
BRDA:56,8,0,3
BRDA:64,9,0,3
BRDA:71,10,0,3
BRDA:79,11,0,3
BRDA:87,12,0,3
BRDA:95,13,0,3
BRDA:103,14,0,2
BRF:15
BRH:13
end_of_record
TN:
SF:src/components/Modal.tsx
FN:1,(empty-report)
FNF:1
FNH:0
FNDA:0,(empty-report)
DA:1,0
DA:11,0
DA:12,0
DA:13,0
DA:15,0
DA:18,0
DA:19,0
DA:20,0
DA:21,0
DA:22,0
DA:23,0
DA:24,0
DA:25,0
DA:27,0
DA:28,0
DA:29,0
DA:30,0
DA:32,0
DA:33,0
DA:34,0
DA:35,0
DA:36,0
DA:37,0
DA:39,0
DA:40,0
DA:41,0
DA:43,0
DA:45,0
DA:46,0
DA:47,0
DA:48,0
DA:49,0
DA:51,0
DA:52,0
DA:53,0
DA:54,0
DA:55,0
DA:56,0
DA:57,0
DA:59,0
DA:60,0
DA:61,0
DA:62,0
DA:63,0
DA:64,0
DA:66,0
DA:67,0
DA:68,0
DA:69,0
DA:70,0
DA:72,0
DA:74,0
LF:52
LH:0
BRDA:1,0,0,0
BRF:1
BRH:0
end_of_record
TN:
SF:src/components/MultiplayerGame.tsx
FN:7,MultiplayerGame
FN:28,handleLetterGuess
FN:133,onClick
FNF:3
FNH:3
FNDA:7,MultiplayerGame
FNDA:3,handleLetterGuess
FNDA:1,onClick
DA:1,1
DA:2,1
DA:3,1
DA:4,1
DA:5,1
DA:7,1
DA:8,7
DA:9,7
DA:11,7
DA:12,7
DA:13,7
DA:20,7
DA:21,7
DA:22,7
DA:24,7
DA:25,0
DA:26,0
DA:28,7
DA:29,3
DA:30,3
DA:33,3
DA:34,2
DA:36,2
DA:37,2
DA:38,2
DA:39,2
DA:40,2
DA:41,2
DA:42,0
DA:43,0
DA:44,0
DA:45,2
DA:46,2
DA:47,2
DA:48,2
DA:49,2
DA:50,2
DA:51,2
DA:52,2
DA:53,2
DA:54,2
DA:55,2
DA:56,3
DA:58,7
DA:59,7
DA:60,7
DA:61,7
DA:62,7
DA:63,7
DA:64,7
DA:65,7
DA:67,7
DA:68,7
DA:70,7
DA:71,7
DA:72,7
DA:74,7
DA:75,3
DA:76,3
DA:77,3
DA:78,3
DA:81,7
DA:82,7
DA:83,7
DA:84,7
DA:86,7
DA:87,5
DA:88,5
DA:89,5
DA:90,5
DA:91,5
DA:92,5
DA:93,5
DA:94,5
DA:97,7
DA:98,2
DA:99,2
DA:100,1
DA:102,1
DA:104,2
DA:106,7
DA:108,7
DA:109,2
DA:110,2
DA:111,2
DA:112,2
DA:113,2
DA:114,1
DA:115,1
DA:116,1
DA:117,1
DA:118,1
DA:119,1
DA:121,2
DA:122,2
DA:123,2
DA:125,2
DA:126,2
DA:127,2
DA:128,2
DA:129,2
DA:130,2
DA:131,2
DA:132,2
DA:133,2
DA:134,1
DA:135,1
DA:136,1
DA:137,2
DA:139,2
DA:140,2
DA:141,2
DA:142,2
DA:144,7
DA:146,7
DA:148,1
LF:116
LH:111
BRDA:7,0,0,7
BRDA:22,1,0,5
BRDA:22,2,0,4
BRDA:22,3,0,0
BRDA:24,4,0,0
BRDA:71,5,0,0
BRDA:74,6,0,3
BRDA:86,7,0,6
BRDA:86,8,0,5
BRDA:97,9,0,2
BRDA:99,10,0,1
BRDA:100,11,0,1
BRDA:108,12,0,2
BRDA:113,13,0,1
BRDA:122,14,0,0
BRDA:28,15,0,3
BRDA:33,16,0,2
BRDA:41,17,0,0
BRDA:41,18,0,0
BRDA:49,19,0,0
BRDA:50,20,0,0
BRDA:51,21,0,1
BRDA:52,22,0,0
BRDA:53,23,0,0
BRDA:38,24,0,2
BRDA:46,25,0,4
BRDA:90,26,0,10
BRDA:133,27,0,1
BRF:28
BRH:18
end_of_record
TN:
SF:src/components/PlayerSetup.tsx
FN:1,(empty-report)
FNF:1
FNH:0
FNDA:0,(empty-report)
DA:1,0
DA:2,0
DA:3,0
DA:4,0
DA:5,0
DA:7,0
DA:8,0
DA:9,0
DA:10,0
DA:11,0
DA:13,0
DA:14,0
DA:15,0
DA:16,0
DA:17,0
DA:18,0
DA:19,0
DA:20,0
DA:21,0
DA:22,0
DA:23,0
DA:24,0
DA:25,0
DA:26,0
DA:27,0
DA:28,0
DA:29,0
DA:31,0
DA:32,0
DA:33,0
DA:34,0
DA:35,0
DA:36,0
DA:38,0
DA:39,0
DA:40,0
DA:41,0
DA:42,0
DA:43,0
DA:45,0
DA:46,0
DA:48,0
DA:50,0
DA:52,0
DA:53,0
DA:54,0
DA:55,0
DA:56,0
DA:57,0
DA:58,0
DA:59,0
DA:60,0
DA:62,0
DA:63,0
DA:64,0
DA:65,0
DA:67,0
DA:68,0
DA:69,0
DA:70,0
DA:71,0
DA:72,0
DA:74,0
DA:75,0
DA:76,0
DA:77,0
DA:78,0
DA:79,0
DA:80,0
DA:81,0
DA:83,0
DA:84,0
DA:85,0
DA:86,0
DA:87,0
DA:88,0
DA:89,0
DA:90,0
DA:92,0
DA:93,0
DA:94,0
DA:95,0
DA:97,0
DA:99,0
DA:101,0
DA:102,0
DA:104,0
DA:106,0
DA:107,0
DA:108,0
DA:110,0
DA:111,0
DA:113,0
DA:114,0
DA:115,0
DA:116,0
DA:118,0
DA:120,0
LF:98
LH:0
BRDA:1,0,0,0
BRF:1
BRH:0
end_of_record
TN:
SF:src/components/UpdateNotification.tsx
FN:1,(empty-report)
FNF:1
FNH:0
FNDA:0,(empty-report)
DA:1,0
DA:2,0
DA:4,0
DA:5,0
DA:6,0
DA:7,0
DA:8,0
DA:9,0
DA:10,0
DA:11,0
DA:12,0
DA:13,0
DA:15,0
DA:16,0
DA:17,0
DA:19,0
DA:20,0
DA:21,0
DA:22,0
DA:23,0
DA:24,0
DA:27,0
DA:28,0
DA:30,0
DA:31,0
DA:32,0
DA:34,0
DA:36,0
DA:37,0
DA:38,0
DA:39,0
DA:40,0
DA:41,0
DA:43,0
DA:44,0
DA:45,0
DA:47,0
DA:48,0
DA:50,0
DA:51,0
DA:52,0
DA:53,0
DA:55,0
DA:57,0
DA:58,0
DA:60,0
LF:46
LH:0
BRDA:1,0,0,0
BRF:1
BRH:0
end_of_record
TN:
SF:src/components/VirtualKeyboard.tsx
FN:9,VirtualKeyboard
FN:20,handleLetterClick
FN:25,handleTouchStart
FN:30,isLetterUsed
FN:46,onClick
FNF:5
FNH:4
FNDA:5,VirtualKeyboard
FNDA:3,handleLetterClick
FNDA:0,handleTouchStart
FNDA:261,isLetterUsed
FNDA:3,onClick
DA:1,1
DA:9,1
DA:10,5
DA:11,5
DA:12,5
DA:13,5
DA:14,5
DA:15,5
DA:16,5
DA:17,5
DA:18,5
DA:20,5
DA:21,3
DA:22,3
DA:23,3
DA:25,5
DA:27,0
DA:28,0
DA:30,5
DA:31,261
DA:32,261
DA:34,5
DA:35,5
DA:36,5
DA:37,15
DA:38,15
DA:39,15
DA:40,15
DA:42,15
DA:43,145
DA:44,145
DA:45,145
DA:46,145
DA:47,145
DA:48,145
DA:49,145
DA:51,145
DA:52,145
DA:53,15
DA:54,15
DA:55,5
DA:56,5
DA:58,5
DA:60,1
LF:44
LH:42
BRDA:9,0,0,5
BRDA:20,1,0,3
BRDA:21,2,0,0
BRDA:30,3,0,261
BRDA:36,4,0,15
BRDA:42,5,0,145
BRDA:45,6,0,12
BRDA:45,7,0,133
BRDA:48,8,0,116
BRDA:46,9,0,3
BRF:10
BRH:9
end_of_record
TN:
SF:src/components/WordInput.tsx
FN:4,WordInput
FN:25,handleSubmitWord
FN:40,handleKeyPress
FN:82,onChange
FNF:4
FNH:3
FNDA:5,WordInput
FNDA:2,handleSubmitWord
FNDA:0,handleKeyPress
FNDA:1,onChange
DA:1,1
DA:2,1
DA:4,1
DA:5,5
DA:7,5
DA:8,5
DA:10,5
DA:11,5
DA:13,5
DA:14,5
DA:16,5
DA:17,3
DA:18,1
DA:19,0
DA:20,1
DA:21,1
DA:22,1
DA:23,5
DA:25,5
DA:26,2
DA:27,2
DA:28,1
DA:29,1
DA:30,1
DA:31,2
DA:32,0
DA:33,0
DA:34,0
DA:35,1
DA:36,1
DA:37,1
DA:38,2
DA:40,5
DA:41,0
DA:42,0
DA:43,0
DA:44,0
DA:46,5
DA:47,1
DA:48,1
DA:49,1
DA:50,1
DA:51,1
DA:53,1
DA:55,4
DA:56,4
DA:57,4
DA:59,4
DA:60,4
DA:61,4
DA:62,4
DA:63,4
DA:64,4
DA:65,4
DA:66,4
DA:67,4
DA:68,4
DA:69,4
DA:71,4
DA:72,4
DA:73,5
DA:74,5
DA:75,5
DA:76,5
DA:78,5
DA:79,5
DA:80,5
DA:81,5
DA:82,5
DA:83,5
DA:84,5
DA:85,5
DA:86,5
DA:87,5
DA:88,5
DA:89,5
DA:91,5
DA:92,5
DA:93,1
DA:94,1
DA:95,1
DA:97,5
DA:98,5
DA:100,5
DA:101,5
DA:102,5
DA:103,5
DA:104,8
DA:105,8
DA:106,8
DA:108,8
DA:109,8
DA:110,8
DA:111,8
DA:113,8
DA:114,8
DA:115,8
DA:116,8
DA:117,8
DA:118,8
DA:120,5
DA:121,5
DA:122,5
DA:123,5
DA:125,5
DA:127,1
LF:106
LH:98
BRDA:4,0,0,5
BRDA:46,1,0,1
BRDA:53,2,0,4
BRDA:74,3,0,4
BRDA:92,4,0,1
BRDA:10,5,0,10
BRDA:10,6,0,0
BRDA:13,7,0,10
BRDA:16,8,0,3
BRDA:17,9,0,1
BRDA:21,10,0,1
BRDA:25,11,0,2
BRDA:27,12,0,1
BRDA:31,13,0,0
BRDA:34,14,0,1
BRDA:82,15,0,1
BRDA:103,16,0,8
BRDA:111,17,0,4
BRDA:111,18,0,4
BRDA:111,19,0,0
BRDA:116,20,0,0
BRDA:116,21,0,4
BRDA:116,22,0,4
BRDA:104,23,0,8
BRF:24
BRH:20
end_of_record
TN:
SF:src/stores/gameStore.ts
FN:36,initializeStore
FN:41,addPlayer
FN:56,removePlayer
FN:63,togglePlayerActive
FN:72,startWordInput
FN:96,setPlayerWord
FN:120,startGame
FN:145,guessLetter
FN:222,nextPlayer
FN:250,getCurrentPlayer
FN:255,getCurrentPlayerData
FN:263,getActivePlayers
FN:267,resetGame
FNF:13
FNH:8
FNDA:0,initializeStore
FNDA:9,addPlayer
FNDA:0,removePlayer
FNDA:0,togglePlayerActive
FNDA:4,startWordInput
FNDA:3,setPlayerWord
FNDA:1,startGame
FNDA:14,guessLetter
FNDA:1,nextPlayer
FNDA:9,getCurrentPlayer
FNDA:7,getCurrentPlayerData
FNDA:0,getActivePlayers
FNDA:0,resetGame
DA:1,1
DA:3,1
DA:4,1
DA:22,1
DA:23,1
DA:24,1
DA:25,1
DA:26,1
DA:27,1
DA:28,1
DA:29,1
DA:30,1
DA:31,1
DA:33,1
DA:34,3
DA:36,3
DA:37,0
DA:38,0
DA:39,0
DA:41,3
DA:42,9
DA:43,9
DA:44,9
DA:45,9
DA:46,9
DA:47,9
DA:48,9
DA:49,9
DA:51,9
DA:52,9
DA:53,9
DA:54,9
DA:56,3
DA:57,0
DA:58,0
DA:59,0
DA:60,0
DA:61,0
DA:63,3
DA:64,0
DA:65,0
DA:66,0
DA:67,0
DA:68,0
DA:69,0
DA:70,0
DA:72,3
DA:73,4
DA:74,4
DA:75,4
DA:77,0
DA:78,0
DA:80,4
DA:81,9
DA:82,9
DA:83,9
DA:84,9
DA:85,9
DA:86,9
DA:87,4
DA:89,4
DA:90,4
DA:91,4
DA:92,4
DA:93,4
DA:94,4
DA:96,3
DA:97,3
DA:99,3
DA:101,0
DA:102,0
DA:104,3
DA:107,3
DA:108,6
DA:109,3
DA:111,3
DA:112,3
DA:114,3
DA:115,3
DA:116,3
DA:117,3
DA:118,3
DA:120,3
DA:121,1
DA:124,1
DA:125,1
DA:126,1
DA:127,2
DA:128,2
DA:129,1
DA:133,1
DA:134,1
DA:135,1
DA:136,1
DA:137,1
DA:138,1
DA:139,1
DA:140,1
DA:141,1
DA:142,1
DA:143,1
DA:145,3
DA:146,14
DA:148,14
DA:150,14
DA:151,14
DA:153,14
DA:156,14
DA:157,14
DA:158,14
DA:159,14
DA:160,0
DA:161,0
DA:163,14
DA:164,14
DA:166,14
DA:168,1
DA:169,1
DA:170,2
DA:171,1
DA:172,1
DA:173,1
DA:175,1
DA:177,1
DA:178,1
DA:179,1
DA:180,1
DA:181,1
DA:182,1
DA:184,1
DA:186,1
DA:187,1
DA:189,1
DA:190,1
DA:191,2
DA:192,1
DA:193,1
DA:194,1
DA:195,1
DA:196,1
DA:197,1
DA:199,1
DA:200,1
DA:201,1
DA:202,14
DA:204,13
DA:205,13
DA:207,13
DA:208,13
DA:209,13
DA:210,13
DA:211,13
DA:212,13
DA:213,13
DA:215,13
DA:216,13
DA:217,26
DA:218,13
DA:219,13
DA:220,14
DA:222,3
DA:223,1
DA:224,1
DA:227,1
DA:228,1
DA:229,1
DA:230,1
DA:231,0
DA:232,1
DA:233,0
DA:234,0
DA:235,0
DA:238,1
DA:239,1
DA:240,0
DA:241,0
DA:242,0
DA:243,0
DA:244,0
DA:245,0
DA:247,1
DA:248,1
DA:250,3
DA:251,9
DA:252,9
DA:253,9
DA:255,3
DA:256,7
DA:257,7
DA:258,7
DA:259,7
DA:260,0
DA:261,7
DA:263,3
DA:264,0
DA:265,0
DA:267,3
DA:268,0
DA:269,0
DA:270,0
DA:271,0
DA:272,0
DA:273,1
LF:203
LH:164
BRDA:33,0,0,3
BRDA:41,1,0,9
BRDA:72,2,0,4
BRDA:75,3,0,0
BRDA:74,4,0,9
BRDA:74,5,0,0
BRDA:80,6,0,9
BRDA:96,7,0,3
BRDA:99,8,0,0
BRDA:107,9,0,6
BRDA:108,10,0,0
BRDA:120,11,0,1
BRDA:125,12,0,2
BRDA:126,13,0,2
BRDA:134,14,0,2
BRDA:134,15,0,2
BRDA:135,16,0,2
BRDA:145,17,0,14
BRDA:148,18,0,0
BRDA:151,19,0,0
BRDA:159,20,0,0
BRDA:166,21,0,1
BRDA:195,22,0,0
BRDA:202,23,0,13
BRDA:169,24,0,2
BRDA:170,25,0,1
BRDA:186,26,0,1
BRDA:190,27,0,2
BRDA:191,28,0,1
BRDA:191,29,0,1
BRDA:216,30,0,26
BRDA:217,31,0,13
BRDA:217,32,0,13
BRDA:222,33,0,1
BRDA:230,34,0,0
BRDA:232,35,0,0
BRDA:239,36,0,0
BRDA:238,37,0,1
BRDA:250,38,0,9
BRDA:252,39,0,0
BRDA:255,40,0,7
BRDA:259,41,0,0
BRDA:259,42,0,0
BRDA:259,43,0,8
BRF:44
BRH:30
end_of_record
TN:
SF:src/types/game.ts
FN:1,(empty-report)
FNF:1
FNH:1
FNDA:1,(empty-report)
LF:0
LH:0
BRDA:1,0,0,1
BRF:1
BRH:1
end_of_record
TN:
SF:src/utils/feedback.ts
FN:1,(empty-report)
FNF:1
FNH:0
FNDA:0,(empty-report)
DA:1,0
DA:9,0
DA:10,0
DA:11,0
DA:12,0
DA:13,0
DA:14,0
DA:15,0
DA:16,0
DA:17,0
DA:18,0
DA:20,0
DA:21,0
DA:22,0
DA:23,0
DA:24,0
DA:25,0
DA:27,0
DA:28,0
DA:30,0
DA:31,0
DA:32,0
DA:33,0
DA:34,0
DA:35,0
DA:40,0
DA:41,0
DA:42,0
DA:43,0
DA:44,0
DA:45,0
DA:46,0
DA:47,0
DA:48,0
DA:49,0
DA:50,0
DA:51,0
DA:53,0
DA:54,0
DA:55,0
DA:56,0
DA:57,0
DA:59,0
DA:60,0
DA:62,0
DA:63,0
DA:64,0
DA:65,0
LF:48
LH:0
BRDA:1,0,0,0
BRF:1
BRH:0
end_of_record
TN:
SF:src/utils/storage.ts
FN:8,savePlayersToStorage
FN:16,loadPlayersFromStorage
FN:28,updatePlayerWins
FN:34,getAvailableIcons
FNF:4
FNH:2
FNDA:10,savePlayersToStorage
FNDA:0,loadPlayersFromStorage
FNDA:1,updatePlayerWins
FNDA:0,getAvailableIcons
DA:3,1
DA:4,1
DA:5,1
DA:6,1
DA:8,1
DA:9,10
DA:10,10
DA:11,10
DA:12,0
DA:13,0
DA:14,10
DA:16,1
DA:17,0
DA:18,0
DA:19,0
DA:21,0
DA:22,0
DA:23,0
DA:24,0
DA:25,0
DA:26,0
DA:28,1
DA:29,1
DA:30,2
DA:31,1
DA:32,1
DA:34,1
DA:35,0
DA:36,0
LF:29
LH:16
BRDA:8,0,0,10
BRDA:11,1,0,0
BRDA:28,2,0,1
BRDA:29,3,0,2
BRDA:30,4,0,1
BRDA:30,5,0,1
BRF:6
BRH:5
end_of_record
TN:
SF:src/utils/wordDistribution.ts
FN:8,distributeWordsRandomly
FN:79,createDisplayWord
FNF:2
FNH:2
FNDA:208,distributeWordsRandomly
FNDA:1037,createDisplayWord
DA:8,1
DA:9,208
DA:10,208
DA:11,208
DA:12,208
DA:13,0
DA:14,0
DA:16,208
DA:17,208
DA:18,0
DA:19,0
DA:22,208
DA:24,208
DA:25,829
DA:26,829
DA:27,829
DA:30,208
DA:31,208
DA:32,1037
DA:33,1037
DA:35,208
DA:37,3
DA:38,208
DA:40,75
DA:41,75
DA:42,75
DA:43,205
DA:45,41
DA:46,41
DA:47,51
DA:48,51
DA:49,41
DA:50,41
DA:53,208
DA:54,208
DA:55,1037
DA:57,1037
DA:59,4
DA:60,4
DA:61,4
DA:62,4
DA:63,4
DA:64,1037
DA:65,1037
DA:66,1037
DA:67,1037
DA:68,1037
DA:69,1037
DA:70,1037
DA:71,1037
DA:72,1037
DA:73,1037
DA:74,1037
DA:76,208
DA:77,208
DA:79,1037
DA:80,1037
DA:83,1037
DA:84,1037
DA:85,1037
DA:86,1037
DA:87,1037
DA:89,1037
DA:90,2070
DA:91,2070
DA:92,2070
DA:93,2070
DA:94,12420
DA:95,2070
DA:96,2070
DA:97,2070
DA:98,1037
DA:100,1037
DA:101,1037
LF:74
LH:70
BRDA:8,0,0,208
BRDA:12,1,0,0
BRDA:17,2,0,0
BRDA:24,3,0,829
BRDA:31,4,0,1037
BRDA:32,5,0,176
BRDA:35,6,0,3
BRDA:38,7,0,205
BRDA:38,8,0,75
BRDA:43,9,0,130
BRDA:43,10,0,41
BRDA:46,11,0,51
BRDA:54,12,0,1037
BRDA:57,13,0,4
BRDA:22,14,0,1037
BRDA:79,15,0,1037
BRDA:87,16,0,6218
BRDA:89,17,0,2070
BRDA:93,18,0,12420
BRDA:94,19,0,2070
BRF:20
BRH:18
end_of_record
